<?xml version="1.0" encoding="UTF-8"?>
<!-- Generated by org.testng.reporters.JUnitReportReporter -->
<testsuite skipped="0" hostname="Deepalis-MacBook-Air.local" name="com.promise_qa.test.LoginPageTest" tests="2" failures="0" timestamp="2020-08-30T13:02:36 IST" time="20.484" errors="0">
  <testcase name="validationLoginErrorMsg" time="7.939" classname="com.promise_qa.test.LoginPageTest"/>
  <system-out/>
  <testcase name="validateLogin" time="12.545" classname="com.promise_qa.test.LoginPageTest"/>
  <system-out/>
</testsuite> <!-- com.promise_qa.test.LoginPageTest -->
