<?xml version="1.0" encoding="UTF-8"?>
<!-- Generated by org.testng.reporters.JUnitReportReporter -->
<testsuite skipped="0" hostname="Deepalis-MacBook-Air.local" name="com.promise_qa.test.LandingPageTest" tests="2" failures="0" timestamp="2020-08-30T13:02:36 IST" time="20.834" errors="0">
  <testcase name="addPromise" time="11.616" classname="com.promise_qa.test.LandingPageTest"/>
  <system-out/>
  <testcase name="verifyLogout" time="9.218" classname="com.promise_qa.test.LandingPageTest"/>
  <system-out/>
</testsuite> <!-- com.promise_qa.test.LandingPageTest -->
